c:\repos\temp\undergame\undergame\intermediates\x64\debug\vc142.pdb
c:\repos\temp\undergame\undergame\intermediates\x64\debug\vc142.idb
c:\repos\temp\undergame\undergame\intermediates\x64\debug\texture.obj
c:\repos\temp\undergame\undergame\intermediates\x64\debug\rendersystem.obj
c:\repos\temp\undergame\undergame\intermediates\x64\debug\playersystem.obj
c:\repos\temp\undergame\undergame\intermediates\x64\debug\tilemapgenerator.obj
c:\repos\temp\undergame\undergame\intermediates\x64\debug\targetingsystem.obj
c:\repos\temp\undergame\undergame\intermediates\x64\debug\staticrendersystem.obj
c:\repos\temp\undergame\undergame\intermediates\x64\debug\movementsystem.obj
c:\repos\temp\undergame\undergame\intermediates\x64\debug\main.obj
c:\repos\temp\undergame\undergame\intermediates\x64\debug\inputsystem.obj
c:\repos\temp\undergame\undergame\intermediates\x64\debug\game.obj
c:\repos\temp\undergame\undergame\intermediates\x64\debug\entitycreator.obj
c:\repos\temp\undergame\undergame\intermediates\x64\debug\staticcollisionsystem.obj
c:\repos\temp\undergame\undergame\intermediates\x64\debug\spawnersystem.obj
c:\repos\temp\undergame\undergame\intermediates\x64\debug\shootersystem.obj
c:\repos\temp\undergame\undergame\intermediates\x64\debug\projectilesystem.obj
c:\repos\temp\undergame\undergame\intermediates\x64\debug\healthsystem.obj
c:\repos\temp\undergame\undergame\intermediates\x64\debug\diggersystem.obj
c:\repos\temp\undergame\undergame\intermediates\x64\debug\collisionsystem.obj
c:\repos\temp\undergame\undergame\intermediates\x64\debug\aisystem.obj
c:\repos\temp\undergame\undergame\bin\x64\debug\undergame.exe
c:\repos\temp\undergame\undergame\intermediates\x64\debug\undergame.ilk
c:\repos\temp\undergame\undergame\bin\x64\debug\undergame.pdb
c:\repos\temp\undergame\undergame\bin\x64\debug/undergame.pdb
c:\repos\temp\undergame\undergame\intermediates\x64\debug\undergame.tlog\cl.command.1.tlog
c:\repos\temp\undergame\undergame\intermediates\x64\debug\undergame.tlog\cl.read.1.tlog
c:\repos\temp\undergame\undergame\intermediates\x64\debug\undergame.tlog\cl.write.1.tlog
c:\repos\temp\undergame\undergame\intermediates\x64\debug\undergame.tlog\link.command.1.tlog
c:\repos\temp\undergame\undergame\intermediates\x64\debug\undergame.tlog\link.read.1.tlog
c:\repos\temp\undergame\undergame\intermediates\x64\debug\undergame.tlog\link.write.1.tlog
